\BOOKMARK [0][-]{chapter.1}{\376\377\000N\000a\000m\000e\000s\000p\000a\000c\000e\000\040\000I\000n\000d\000e\000x}{}% 1
\BOOKMARK [1][-]{section.1.1}{\376\377\000N\000a\000m\000e\000s\000p\000a\000c\000e\000\040\000L\000i\000s\000t}{chapter.1}% 2
\BOOKMARK [0][-]{chapter.2}{\376\377\000H\000i\000e\000r\000a\000r\000c\000h\000i\000c\000a\000l\000\040\000I\000n\000d\000e\000x}{}% 3
\BOOKMARK [1][-]{section.2.1}{\376\377\000C\000l\000a\000s\000s\000\040\000H\000i\000e\000r\000a\000r\000c\000h\000y}{chapter.2}% 4
\BOOKMARK [0][-]{chapter.3}{\376\377\000C\000l\000a\000s\000s\000\040\000I\000n\000d\000e\000x}{}% 5
\BOOKMARK [1][-]{section.3.1}{\376\377\000C\000l\000a\000s\000s\000\040\000L\000i\000s\000t}{chapter.3}% 6
\BOOKMARK [0][-]{chapter.4}{\376\377\000N\000a\000m\000e\000s\000p\000a\000c\000e\000\040\000D\000o\000c\000u\000m\000e\000n\000t\000a\000t\000i\000o\000n}{}% 7
\BOOKMARK [1][-]{section.4.1}{\376\377\000s\000o\000u\000v\000e\000n\000i\000r\000.\000c\000o\000n\000t\000a\000c\000t\000.\000t\000e\000s\000t\000s\000\040\000N\000a\000m\000e\000s\000p\000a\000c\000e\000\040\000R\000e\000f\000e\000r\000e\000n\000c\000e}{chapter.4}% 8
\BOOKMARK [2][-]{subsection.4.1.1}{\376\377\000D\000e\000t\000a\000i\000l\000e\000d\000\040\000D\000e\000s\000c\000r\000i\000p\000t\000i\000o\000n}{section.4.1}% 9
\BOOKMARK [0][-]{chapter.5}{\376\377\000C\000l\000a\000s\000s\000\040\000D\000o\000c\000u\000m\000e\000n\000t\000a\000t\000i\000o\000n}{}% 10
\BOOKMARK [1][-]{section.5.1}{\376\377\000s\000o\000u\000v\000e\000n\000i\000r\000.\000u\000s\000e\000r\000p\000r\000o\000f\000i\000l\000e\000.\000m\000o\000d\000e\000l\000s\000.\000A\000v\000a\000t\000a\000r\000\040\000C\000l\000a\000s\000s\000\040\000R\000e\000f\000e\000r\000e\000n\000c\000e}{chapter.5}% 11
\BOOKMARK [2][-]{subsection.5.1.1}{\376\377\000D\000e\000t\000a\000i\000l\000e\000d\000\040\000D\000e\000s\000c\000r\000i\000p\000t\000i\000o\000n}{section.5.1}% 12
\BOOKMARK [1][-]{section.5.2}{\376\377\000s\000o\000u\000v\000e\000n\000i\000r\000.\000u\000s\000e\000r\000p\000r\000o\000f\000i\000l\000e\000.\000f\000o\000r\000m\000s\000.\000A\000v\000a\000t\000a\000r\000C\000r\000o\000p\000F\000o\000r\000m\000\040\000C\000l\000a\000s\000s\000\040\000R\000e\000f\000e\000r\000e\000n\000c\000e}{chapter.5}% 13
\BOOKMARK [2][-]{subsection.5.2.1}{\376\377\000D\000e\000t\000a\000i\000l\000e\000d\000\040\000D\000e\000s\000c\000r\000i\000p\000t\000i\000o\000n}{section.5.2}% 14
\BOOKMARK [1][-]{section.5.3}{\376\377\000s\000o\000u\000v\000e\000n\000i\000r\000.\000u\000s\000e\000r\000p\000r\000o\000f\000i\000l\000e\000.\000f\000o\000r\000m\000s\000.\000A\000v\000a\000t\000a\000r\000F\000o\000r\000m\000\040\000C\000l\000a\000s\000s\000\040\000R\000e\000f\000e\000r\000e\000n\000c\000e}{chapter.5}% 15
\BOOKMARK [2][-]{subsection.5.3.1}{\376\377\000D\000e\000t\000a\000i\000l\000e\000d\000\040\000D\000e\000s\000c\000r\000i\000p\000t\000i\000o\000n}{section.5.3}% 16
\BOOKMARK [1][-]{section.5.4}{\376\377\000s\000o\000u\000v\000e\000n\000i\000r\000.\000u\000s\000e\000r\000p\000r\000o\000f\000i\000l\000e\000.\000m\000o\000d\000e\000l\000s\000.\000B\000a\000s\000e\000P\000r\000o\000f\000i\000l\000e\000\040\000C\000l\000a\000s\000s\000\040\000R\000e\000f\000e\000r\000e\000n\000c\000e}{chapter.5}% 17
\BOOKMARK [2][-]{subsection.5.4.1}{\376\377\000D\000e\000t\000a\000i\000l\000e\000d\000\040\000D\000e\000s\000c\000r\000i\000p\000t\000i\000o\000n}{section.5.4}% 18
\BOOKMARK [1][-]{section.5.5}{\376\377\000s\000o\000u\000v\000e\000n\000i\000r\000.\000c\000o\000n\000t\000a\000c\000t\000.\000f\000o\000r\000m\000s\000.\000C\000o\000n\000t\000a\000c\000t\000F\000o\000r\000m\000\040\000C\000l\000a\000s\000s\000\040\000R\000e\000f\000e\000r\000e\000n\000c\000e}{chapter.5}% 19
\BOOKMARK [1][-]{section.5.6}{\376\377\000s\000o\000u\000v\000e\000n\000i\000r\000.\000u\000s\000e\000r\000p\000r\000o\000f\000i\000l\000e\000.\000c\000o\000u\000n\000t\000r\000i\000e\000s\000.\000C\000o\000u\000n\000t\000r\000y\000F\000i\000e\000l\000d\000\040\000C\000l\000a\000s\000s\000\040\000R\000e\000f\000e\000r\000e\000n\000c\000e}{chapter.5}% 20
\BOOKMARK [1][-]{section.5.7}{\376\377\000T\000u\000x\000i\000e\000M\000a\000g\000i\000c\000k\000.\000D\000i\000m\000e\000n\000s\000i\000o\000n\000\040\000C\000l\000a\000s\000s\000\040\000R\000e\000f\000e\000r\000e\000n\000c\000e}{chapter.5}% 21
\BOOKMARK [1][-]{section.5.8}{\376\377\000s\000o\000u\000v\000e\000n\000i\000r\000.\000u\000s\000e\000r\000p\000r\000o\000f\000i\000l\000e\000.\000m\000o\000d\000e\000l\000s\000.\000E\000m\000a\000i\000l\000V\000a\000l\000i\000d\000a\000t\000i\000o\000n\000\040\000C\000l\000a\000s\000s\000\040\000R\000e\000f\000e\000r\000e\000n\000c\000e}{chapter.5}% 22
\BOOKMARK [2][-]{subsection.5.8.1}{\376\377\000D\000e\000t\000a\000i\000l\000e\000d\000\040\000D\000e\000s\000c\000r\000i\000p\000t\000i\000o\000n}{section.5.8}% 23
\BOOKMARK [2][-]{subsection.5.8.2}{\376\377\000M\000e\000m\000b\000e\000r\000\040\000F\000u\000n\000c\000t\000i\000o\000n\000\040\000D\000o\000c\000u\000m\000e\000n\000t\000a\000t\000i\000o\000n}{section.5.8}% 24
\BOOKMARK [3][-]{subsubsection.5.8.2.1}{\376\377\000r\000e\000s\000e\000n\000d}{subsection.5.8.2}% 25
\BOOKMARK [1][-]{section.5.9}{\376\377\000s\000o\000u\000v\000e\000n\000i\000r\000.\000u\000s\000e\000r\000p\000r\000o\000f\000i\000l\000e\000.\000a\000d\000m\000i\000n\000.\000E\000m\000a\000i\000l\000V\000a\000l\000i\000d\000a\000t\000i\000o\000n\000A\000d\000m\000i\000n\000\040\000C\000l\000a\000s\000s\000\040\000R\000e\000f\000e\000r\000e\000n\000c\000e}{chapter.5}% 26
\BOOKMARK [1][-]{section.5.10}{\376\377\000s\000o\000u\000v\000e\000n\000i\000r\000.\000u\000s\000e\000r\000p\000r\000o\000f\000i\000l\000e\000.\000f\000o\000r\000m\000s\000.\000E\000m\000a\000i\000l\000V\000a\000l\000i\000d\000a\000t\000i\000o\000n\000F\000o\000r\000m\000\040\000C\000l\000a\000s\000s\000\040\000R\000e\000f\000e\000r\000e\000n\000c\000e}{chapter.5}% 27
\BOOKMARK [2][-]{subsection.5.10.1}{\376\377\000M\000e\000m\000b\000e\000r\000\040\000F\000u\000n\000c\000t\000i\000o\000n\000\040\000D\000o\000c\000u\000m\000e\000n\000t\000a\000t\000i\000o\000n}{section.5.10}% 28
\BOOKMARK [3][-]{subsubsection.5.10.1.1}{\376\377\000c\000l\000e\000a\000n\000\137\000e\000m\000a\000i\000l}{subsection.5.10.1}% 29
\BOOKMARK [1][-]{section.5.11}{\376\377\000s\000o\000u\000v\000e\000n\000i\000r\000.\000u\000s\000e\000r\000p\000r\000o\000f\000i\000l\000e\000.\000m\000o\000d\000e\000l\000s\000.\000E\000m\000a\000i\000l\000V\000a\000l\000i\000d\000a\000t\000i\000o\000n\000M\000a\000n\000a\000g\000e\000r\000\040\000C\000l\000a\000s\000s\000\040\000R\000e\000f\000e\000r\000e\000n\000c\000e}{chapter.5}% 30
\BOOKMARK [2][-]{subsection.5.11.1}{\376\377\000D\000e\000t\000a\000i\000l\000e\000d\000\040\000D\000e\000s\000c\000r\000i\000p\000t\000i\000o\000n}{section.5.11}% 31
\BOOKMARK [2][-]{subsection.5.11.2}{\376\377\000M\000e\000m\000b\000e\000r\000\040\000F\000u\000n\000c\000t\000i\000o\000n\000\040\000D\000o\000c\000u\000m\000e\000n\000t\000a\000t\000i\000o\000n}{section.5.11}% 32
\BOOKMARK [3][-]{subsubsection.5.11.2.1}{\376\377\000a\000d\000d}{subsection.5.11.2}% 33
\BOOKMARK [1][-]{section.5.12}{\376\377\000T\000u\000x\000i\000e\000M\000a\000g\000i\000c\000k\000.\000I\000m\000a\000g\000e\000\040\000C\000l\000a\000s\000s\000\040\000R\000e\000f\000e\000r\000e\000n\000c\000e}{chapter.5}% 34
\BOOKMARK [1][-]{section.5.13}{\376\377\000s\000o\000u\000v\000e\000n\000i\000r\000.\000u\000s\000e\000r\000p\000r\000o\000f\000i\000l\000e\000.\000f\000o\000r\000m\000s\000.\000L\000o\000c\000a\000t\000i\000o\000n\000F\000o\000r\000m\000\040\000C\000l\000a\000s\000s\000\040\000R\000e\000f\000e\000r\000e\000n\000c\000e}{chapter.5}% 35
\BOOKMARK [2][-]{subsection.5.13.1}{\376\377\000D\000e\000t\000a\000i\000l\000e\000d\000\040\000D\000e\000s\000c\000r\000i\000p\000t\000i\000o\000n}{section.5.13}% 36
\BOOKMARK [1][-]{section.5.14}{\376\377\000s\000o\000u\000v\000e\000n\000i\000r\000.\000u\000s\000e\000r\000p\000r\000o\000f\000i\000l\000e\000.\000f\000o\000r\000m\000s\000.\000L\000o\000c\000a\000t\000i\000o\000n\000F\000o\000r\000m\000.\000M\000e\000t\000a\000\040\000C\000l\000a\000s\000s\000\040\000R\000e\000f\000e\000r\000e\000n\000c\000e}{chapter.5}% 37
\BOOKMARK [1][-]{section.5.15}{\376\377\000s\000o\000u\000v\000e\000n\000i\000r\000.\000u\000s\000e\000r\000p\000r\000o\000f\000i\000l\000e\000.\000m\000o\000d\000e\000l\000s\000.\000B\000a\000s\000e\000P\000r\000o\000f\000i\000l\000e\000.\000M\000e\000t\000a\000\040\000C\000l\000a\000s\000s\000\040\000R\000e\000f\000e\000r\000e\000n\000c\000e}{chapter.5}% 38
\BOOKMARK [1][-]{section.5.16}{\376\377\000s\000o\000u\000v\000e\000n\000i\000r\000.\000u\000s\000e\000r\000p\000r\000o\000f\000i\000l\000e\000.\000f\000o\000r\000m\000s\000.\000P\000r\000o\000f\000i\000l\000e\000F\000o\000r\000m\000.\000M\000e\000t\000a\000\040\000C\000l\000a\000s\000s\000\040\000R\000e\000f\000e\000r\000e\000n\000c\000e}{chapter.5}% 39
\BOOKMARK [2][-]{subsection.5.16.1}{\376\377\000M\000e\000m\000b\000e\000r\000\040\000D\000a\000t\000a\000\040\000D\000o\000c\000u\000m\000e\000n\000t\000a\000t\000i\000o\000n}{section.5.16}% 40
\BOOKMARK [3][-]{subsubsection.5.16.1.1}{\376\377\000e\000x\000c\000l\000u\000d\000e}{subsection.5.16.1}% 41
\BOOKMARK [1][-]{section.5.17}{\376\377\000s\000o\000u\000v\000e\000n\000i\000r\000.\000u\000s\000e\000r\000p\000r\000o\000f\000i\000l\000e\000.\000m\000o\000d\000e\000l\000s\000.\000A\000v\000a\000t\000a\000r\000.\000M\000e\000t\000a\000\040\000C\000l\000a\000s\000s\000\040\000R\000e\000f\000e\000r\000e\000n\000c\000e}{chapter.5}% 42
\BOOKMARK [1][-]{section.5.18}{\376\377\000s\000o\000u\000v\000e\000n\000i\000r\000.\000u\000s\000e\000r\000p\000r\000o\000f\000i\000l\000e\000.\000f\000o\000r\000m\000s\000.\000P\000u\000b\000l\000i\000c\000F\000i\000e\000l\000d\000s\000F\000o\000r\000m\000.\000M\000e\000t\000a\000\040\000C\000l\000a\000s\000s\000\040\000R\000e\000f\000e\000r\000e\000n\000c\000e}{chapter.5}% 43
\BOOKMARK [1][-]{section.5.19}{\376\377\000s\000o\000u\000v\000e\000n\000i\000r\000.\000s\000t\000u\000d\000e\000n\000t\000.\000m\000o\000d\000e\000l\000s\000.\000P\000r\000o\000f\000i\000l\000e\000\040\000C\000l\000a\000s\000s\000\040\000R\000e\000f\000e\000r\000e\000n\000c\000e}{chapter.5}% 44
\BOOKMARK [1][-]{section.5.20}{\376\377\000s\000o\000u\000v\000e\000n\000i\000r\000.\000s\000t\000u\000d\000e\000n\000t\000.\000a\000d\000m\000i\000n\000.\000P\000r\000o\000f\000i\000l\000e\000A\000d\000m\000i\000n\000\040\000C\000l\000a\000s\000s\000\040\000R\000e\000f\000e\000r\000e\000n\000c\000e}{chapter.5}% 45
\BOOKMARK [1][-]{section.5.21}{\376\377\000s\000o\000u\000v\000e\000n\000i\000r\000.\000u\000s\000e\000r\000p\000r\000o\000f\000i\000l\000e\000.\000f\000o\000r\000m\000s\000.\000P\000r\000o\000f\000i\000l\000e\000F\000o\000r\000m\000\040\000C\000l\000a\000s\000s\000\040\000R\000e\000f\000e\000r\000e\000n\000c\000e}{chapter.5}% 46
\BOOKMARK [2][-]{subsection.5.21.1}{\376\377\000D\000e\000t\000a\000i\000l\000e\000d\000\040\000D\000e\000s\000c\000r\000i\000p\000t\000i\000o\000n}{section.5.21}% 47
\BOOKMARK [1][-]{section.5.22}{\376\377\000s\000o\000u\000v\000e\000n\000i\000r\000.\000u\000s\000e\000r\000p\000r\000o\000f\000i\000l\000e\000.\000f\000o\000r\000m\000s\000.\000P\000u\000b\000l\000i\000c\000F\000i\000e\000l\000d\000s\000F\000o\000r\000m\000\040\000C\000l\000a\000s\000s\000\040\000R\000e\000f\000e\000r\000e\000n\000c\000e}{chapter.5}% 48
\BOOKMARK [2][-]{subsection.5.22.1}{\376\377\000D\000e\000t\000a\000i\000l\000e\000d\000\040\000D\000e\000s\000c\000r\000i\000p\000t\000i\000o\000n}{section.5.22}% 49
\BOOKMARK [1][-]{section.5.23}{\376\377\000s\000o\000u\000v\000e\000n\000i\000r\000.\000u\000s\000e\000r\000p\000r\000o\000f\000i\000l\000e\000.\000f\000o\000r\000m\000s\000.\000R\000e\000g\000i\000s\000t\000r\000a\000t\000i\000o\000n\000F\000o\000r\000m\000\040\000C\000l\000a\000s\000s\000\040\000R\000e\000f\000e\000r\000e\000n\000c\000e}{chapter.5}% 50
\BOOKMARK [2][-]{subsection.5.23.1}{\376\377\000M\000e\000m\000b\000e\000r\000\040\000F\000u\000n\000c\000t\000i\000o\000n\000\040\000D\000o\000c\000u\000m\000e\000n\000t\000a\000t\000i\000o\000n}{section.5.23}% 51
\BOOKMARK [3][-]{subsubsection.5.23.1.1}{\376\377\000c\000l\000e\000a\000n}{subsection.5.23.1}% 52
\BOOKMARK [3][-]{subsubsection.5.23.1.2}{\376\377\000c\000l\000e\000a\000n\000\137\000e\000m\000a\000i\000l}{subsection.5.23.1}% 53
\BOOKMARK [3][-]{subsubsection.5.23.1.3}{\376\377\000c\000l\000e\000a\000n\000\137\000u\000s\000e\000r\000n\000a\000m\000e}{subsection.5.23.1}% 54
\BOOKMARK [1][-]{section.5.24}{\376\377\000s\000o\000u\000v\000e\000n\000i\000r\000.\000u\000s\000e\000r\000p\000r\000o\000f\000i\000l\000e\000.\000t\000e\000m\000p\000l\000a\000t\000e\000t\000a\000g\000s\000.\000a\000v\000a\000t\000a\000r\000s\000.\000R\000e\000s\000i\000z\000e\000d\000T\000h\000u\000m\000b\000n\000a\000i\000l\000N\000o\000d\000e\000\040\000C\000l\000a\000s\000s\000\040\000R\000e\000f\000e\000r\000e\000n\000c\000e}{chapter.5}% 55
\BOOKMARK [1][-]{section.5.25}{\376\377\000s\000o\000u\000v\000e\000n\000i\000r\000.\000c\000o\000n\000t\000a\000c\000t\000.\000t\000e\000s\000t\000s\000.\000S\000i\000m\000p\000l\000e\000T\000e\000s\000t\000\040\000C\000l\000a\000s\000s\000\040\000R\000e\000f\000e\000r\000e\000n\000c\000e}{chapter.5}% 56
\BOOKMARK [2][-]{subsection.5.25.1}{\376\377\000M\000e\000m\000b\000e\000r\000\040\000F\000u\000n\000c\000t\000i\000o\000n\000\040\000D\000o\000c\000u\000m\000e\000n\000t\000a\000t\000i\000o\000n}{section.5.25}% 57
\BOOKMARK [3][-]{subsubsection.5.25.1.1}{\376\377\000t\000e\000s\000t\000\137\000b\000a\000s\000i\000c\000\137\000a\000d\000d\000i\000t\000i\000o\000n}{subsection.5.25.1}% 58
\BOOKMARK [-1][-]{subsubsection.5.25.1.1}{\376\377\000I\000n\000d\000e\000x}{}% 59
